<?xml version="1.0" encoding="UTF-8"?>
<!-- Generated by org.testng.reporters.JUnitReportReporter -->
<testsuite skipped="0" hostname="Pankajs-MacBook-Pro.local" name="com.azwebdesign.RedditSubmissionTests" tests="1" failures="0" timestamp="30 Aug 2018 11:18:25 GMT" time="2.839" errors="0">
  <testcase name="testVerifyNewLink" time="2.839" classname="com.azwebdesign.RedditSubmissionTests"/>
</testsuite> <!-- com.azwebdesign.RedditSubmissionTests -->
